<?xml version="1.0" encoding="UTF-8"?>
<!-- Generated by org.testng.reporters.JUnitReportReporter -->
<testsuite hostname="DESKTOP-9LNEV8M" failures="0" tests="1" name="package2.Classs3" time="10.926" errors="0" timestamp="2022-12-27T21:39:55 IST" skipped="0">
  <testcase classname="package2.Classs3" name="kl" time="10.926"/>
  <system-out/>
</testsuite> <!-- package2.Classs3 -->
