<?xml version="1.0" encoding="UTF-8"?>
<!-- Generated by org.testng.reporters.JUnitReportReporter -->
<testsuite hostname="DESKTOP-9LNEV8M" failures="0" tests="1" name="Excelreadingwriting.reading" time="1.547" errors="0" timestamp="2022-12-29T22:03:32 IST" skipped="0">
  <testcase classname="Excelreadingwriting.reading" name="rw" time="1.547"/>
  <system-out/>
</testsuite> <!-- Excelreadingwriting.reading -->
