<?xml version="1.0" encoding="UTF-8"?>
<!-- Generated by org.testng.reporters.JUnitReportReporter -->
<testsuite hostname="DESKTOP-9LNEV8M" failures="0" tests="1" name="package2.Class4" time="11.473" errors="0" timestamp="2022-12-27T21:39:55 IST" skipped="0">
  <testcase classname="package2.Class4" name="navi" time="11.473"/>
  <system-out/>
</testsuite> <!-- package2.Class4 -->
