<?xml version="1.0" encoding="UTF-8"?>
<!-- Generated by org.testng.reporters.JUnitReportReporter -->
<testsuite hostname="DESKTOP-9LNEV8M" failures="0" tests="1" name="Screenshort.dragshort" time="14.924" errors="0" timestamp="2022-12-28T18:50:10 IST" skipped="0">
  <testcase classname="Screenshort.dragshort" name="kl" time="14.924"/>
  <system-out/>
</testsuite> <!-- Screenshort.dragshort -->
