<?xml version="1.0" encoding="UTF-8"?>
<!-- Generated by org.testng.reporters.JUnitReportReporter -->
<testsuite hostname="DESKTOP-9LNEV8M" failures="0" tests="1" name="pack1.mavanfirstcoding" time="7.129" errors="0" timestamp="2022-12-29T16:54:09 IST" skipped="0">
  <testcase classname="pack1.mavanfirstcoding" name="fg" time="7.129"/>
  <system-out/>
</testsuite> <!-- pack1.mavanfirstcoding -->
